============================= test session starts ==============================
platform linux -- Python 3.13.5, pytest-9.0.2, pluggy-1.6.0 -- /opt/pyvenv/bin/python3
cachedir: .pytest_cache
metadata: {'Python': '3.13.5', 'Platform': 'Linux-4.4.0-x86_64-with-glibc2.41', 'Packages': {'pytest': '9.0.2', 'pluggy': '1.6.0'}, 'Plugins': {'asyncio': '1.3.0', 'json-report': '1.5.0', 'Faker': '40.1.2', 'cov': '7.0.0', 'metadata': '3.1.1', 'ddtrace': '4.4.0', 'anyio': '4.12.1'}, 'PLATFORM': 'linux/amd64', 'CI': 'true'}
rootdir: /mnt/data/work_patch
configfile: pytest.ini
testpaths: tests
plugins: asyncio-1.3.0, json-report-1.5.0, Faker-40.1.2, cov-7.0.0, metadata-3.1.1, ddtrace-4.4.0, anyio-4.12.1
asyncio: mode=Mode.STRICT, debug=False, asyncio_default_fixture_loop_scope=None, asyncio_default_test_loop_scope=function
collecting ... collected 251 items

tests/test_active_generators_solver_points_canon.py::test_camozzi_active_generator_emits_canonical_solver_points_and_anim_latest PASSED [  0%]
tests/test_active_generators_solver_points_canon.py::test_worldroad_active_generator_emits_canonical_solver_points_and_anim_latest PASSED [  0%]
tests/test_active_generators_solver_points_canon.py::test_explicit_upper_arm_source_data_changes_solver_points_for_active_generators PASSED [  1%]
tests/test_anim_latest_bundle_usability_diagnostics.py::test_collect_anim_latest_diagnostics_summary_marks_external_missing_paths_unusable PASSED [  1%]
tests/test_anim_latest_bundle_usability_diagnostics.py::test_validate_and_health_report_surface_unusable_external_anim_pointer PASSED [  1%]
tests/test_anim_latest_bundle_usability_diagnostics.py::test_sources_wire_bundle_usability_diagnostics_everywhere PASSED [  2%]
tests/test_anim_latest_geometry_contract_gate.py::test_collect_geometry_contract_issues_flags_missing_required_nested_geometry PASSED [  2%]
tests/test_anim_latest_geometry_contract_gate.py::test_export_anim_latest_bundle_rejects_missing_geometry PASSED [  3%]
tests/test_anim_latest_geometry_contract_gate.py::test_load_npz_and_selfcheck_fail_without_required_geometry PASSED [  3%]
tests/test_anim_latest_geometry_contract_gate.py::test_export_anim_latest_bundle_accepts_valid_nested_geometry PASSED [  3%]
tests/test_anim_latest_global_pointer_scope.py::test_export_anim_latest_bundle_does_not_poison_global_pointer_for_adhoc_exports PASSED [  4%]
tests/test_anim_latest_global_pointer_scope.py::test_export_anim_latest_bundle_auto_mirrors_only_for_workspace_exports PASSED [  4%]
tests/test_anim_latest_global_pointer_scope.py::test_workspace_env_short_circuits_optional_config_import PASSED [  5%]
tests/test_anim_latest_pointer_reload_diagnostics.py::test_build_visual_reload_diagnostics_reports_npz_and_road_csv PASSED [  5%]
tests/test_anim_latest_pointer_reload_diagnostics.py::test_export_anim_latest_pointer_contains_visual_reload_diagnostics PASSED [  5%]
tests/test_anim_latest_pointer_reload_diagnostics.py::test_pointer_status_sources_reference_visual_reload_fields PASSED [  6%]
tests/test_anim_latest_solver_points_contract_gate.py::test_assert_required_solver_points_contract_rejects_missing_triplets PASSED [  6%]
tests/test_anim_latest_solver_points_contract_gate.py::test_export_full_log_to_npz_optional_solver_gate_rejects_missing_triplets PASSED [  7%]
tests/test_anim_latest_solver_points_contract_gate.py::test_export_anim_latest_bundle_rejects_missing_solver_points PASSED [  7%]
tests/test_anim_latest_solver_points_contract_gate.py::test_export_anim_latest_bundle_accepts_valid_solver_points_and_geometry PASSED [  7%]
tests/test_anim_latest_solver_points_contract_gate.py::test_legacy_app_fallback_keeps_solver_gate PASSED [  8%]
tests/test_animator_warning_dedupe_source.py::test_animator_warning_logging_is_deduplicated_by_key PASSED [  8%]
tests/test_app_release_sync.py::test_active_app_release_uses_release_info_and_not_stale_r53 PASSED [  9%]
tests/test_autonomous_self_checks_smoke.py::test_autoself_preflight_smoke PASSED [  9%]
tests/test_autoverif_smoke.py::test_autoverif_nonfinite_penalty PASSED   [  9%]
tests/test_autoverif_smoke.py::test_autoverif_scheme_lock_required PASSED [ 10%]
tests/test_autoverif_smoke.py::test_autoverif_ok_path PASSED             [ 10%]
tests/test_camozzi_rel0_yaw_canon.py::test_camozzi_source_rel0_block_uses_canonical_yaw_key PASSED [ 11%]
tests/test_camozzi_rel0_yaw_canon.py::test_camozzi_emits_canonical_yaw_rel0_service_column PASSED [ 11%]
tests/test_camozzi_speed_geometry_contract.py::test_camozzi_source_uses_canonical_speed_and_wheel_radius_keys PASSED [ 11%]
tests/test_camozzi_speed_geometry_contract.py::test_camozzi_runtime_respects_canonical_speed_and_center_geometry PASSED [ 12%]
tests/test_camozzi_speed_geometry_contract.py::test_desktop_animator_selfcheck_accepts_camozzi_canonical_speed_and_wheel_pose PASSED [ 12%]
tests/test_clipboard_powershell_sta.py::test_windows_powershell_filelist_uses_sta PASSED [ 13%]
tests/test_clipboard_send_gui_contract.py::test_windows_clipboard_fallback_tries_powershell_before_text PASSED [ 13%]
tests/test_clipboard_send_gui_contract.py::test_send_results_gui_autocopies_and_persists_status_sidecar PASSED [ 13%]
tests/test_compile_only_observe.py::test_compile_only_returns_ctx_and_observe_consistent PASSED [ 14%]
tests/test_corner_loads.py::test_corner_loads_equal_default PASSED       [ 14%]
tests/test_corner_loads.py::test_corner_loads_front_heavier_when_cg_forward PASSED [ 15%]
tests/test_corner_loads.py::test_parse_cg_offsets_with_geom_x_from_front PASSED [ 15%]
tests/test_corner_loads.py::test_corner_loads_stiffness_matches_cg_for_pure_longitudinal_shift PASSED [ 15%]
tests/test_corner_loads.py::test_corner_loads_stiffness_matches_cg_for_pure_lateral_shift PASSED [ 16%]
tests/test_corner_loads.py::test_corner_loads_stiffness_has_zero_cross_weight_for_uniform_k PASSED [ 16%]
tests/test_corner_loads.py::test_corner_loads_stiffness_asymmetry_creates_diagonal_bias PASSED [ 17%]
tests/test_dashboard_validation_anim_latest_diagnostics.py::test_validate_send_bundle_exposes_anim_latest_diagnostics_and_dashboard_renders_them PASSED [ 17%]
tests/test_dashboard_validation_anim_latest_diagnostics.py::test_validate_send_bundle_warns_on_anim_latest_token_mismatch PASSED [ 17%]
tests/test_default_base_dualarm_source_params.py::test_default_base_declares_upper_arm_source_data_keys PASSED [ 18%]
tests/test_default_suite_examples_canonical_keys.py::test_default_suite_examples_do_not_contain_forbidden_legacy_keys PASSED [ 18%]
tests/test_default_suite_examples_canonical_keys.py::test_default_suite_long_bump_diag_speed_comes_from_per_test_vx0 PASSED [ 19%]
tests/test_desktop_animator_abs_basis_strict.py::test_data_bundle_does_not_implicitly_substitute_rel0_into_abs_path PASSED [ 19%]
tests/test_desktop_animator_abs_basis_strict.py::test_self_checks_fail_on_rel0_only_geometry_contract PASSED [ 19%]
tests/test_desktop_animator_abs_basis_strict.py::test_self_checks_accept_sidecar_road_without_false_abs_failure PASSED [ 20%]
tests/test_desktop_animator_dock_method_contract.py::test_install_docks_belongs_to_cockpitwidget_not_pressurepanel PASSED [ 20%]
tests/test_desktop_animator_gl_float_suppression.py::test_desktop_animator_keeps_gl_dock_docked_for_stability PASSED [ 21%]
tests/test_desktop_animator_r12_visual_contract.py::test_lifted_box_center_from_lower_corners_raises_center_by_half_height_along_local_z PASSED [ 21%]
tests/test_desktop_animator_r12_visual_contract.py::test_contact_patch_extent_from_vertical_clearance_is_zero_without_penetration PASSED [ 21%]
tests/test_desktop_animator_r12_visual_contract.py::test_contact_patch_extent_from_vertical_clearance_grows_for_positive_penetration PASSED [ 22%]
tests/test_desktop_animator_r12_visual_contract.py::test_animator_source_contains_solver_point_lines_contact_patch_and_split_telemetry_docks PASSED [ 22%]
tests/test_desktop_animator_r12_visual_contract.py::test_animator_source_has_mouse_zoom_and_double_click_reset_in_all_main_metric_views PASSED [ 23%]
tests/test_desktop_animator_startup_docked.py::test_desktop_animator_no_longer_auto_detaches_docks_on_startup PASSED [ 23%]
tests/test_desktop_animator_window_panels_and_bool_guard.py::test_desktop_animator_bool_guard_for_qt_visibility PASSED [ 23%]
tests/test_desktop_animator_window_panels_and_bool_guard.py::test_desktop_animator_all_panels_are_dock_windows_and_not_tabified PASSED [ 24%]
tests/test_frame_corner_contract_canon.py::test_camozzi_exports_only_canonical_frame_corner_channels PASSED [ 24%]
tests/test_frame_corner_contract_canon.py::test_desktop_animator_accepts_canonical_frame_corner_npz PASSED [ 25%]
tests/test_geom3d_helpers_axes_contract.py::test_localize_world_points_to_car_frame_preserves_canonical_xyz_semantics PASSED [ 25%]
tests/test_geom3d_helpers_axes_contract.py::test_car_frame_rotate_xy_matches_expected_left_right_sign PASSED [ 25%]
tests/test_geom3d_helpers_axes_contract.py::test_orthonormal_frame_from_corners_recovers_center_and_up_axis PASSED [ 26%]
tests/test_geom3d_helpers_axes_contract.py::test_center_and_orient_cylinder_vertices_to_y_recenters_axis_without_runtime_rotate PASSED [ 26%]
tests/test_geom3d_helpers_axes_contract.py::test_app_source_uses_solver_points_and_no_runtime_wheel_rotate_in_update_frame PASSED [ 27%]
tests/test_geometry_acceptance_release_gate.py::test_release_gate_pass_and_rows_are_enriched PASSED [ 27%]
tests/test_geometry_acceptance_release_gate.py::test_release_gate_fail_identifies_corner_metric_and_reason PASSED [ 27%]
tests/test_geometry_acceptance_solver_points.py::test_geometry_acceptance_helpers_and_hud_lines PASSED [ 28%]
tests/test_geometry_acceptance_solver_points.py::test_geometry_acceptance_selfcheck_fails_on_scalar_mismatch PASSED [ 28%]
tests/test_geometry_acceptance_solver_points.py::test_app_source_contains_acceptance_overlay_and_metrics PASSED [ 29%]
tests/test_geometry_acceptance_web_and_bundle.py::test_geometry_acceptance_contract_from_frame_and_npz PASSED [ 29%]
tests/test_geometry_acceptance_web_and_bundle.py::test_compare_ui_load_bundle_exposes_geometry_acceptance PASSED [ 29%]
tests/test_geometry_acceptance_web_and_bundle.py::test_health_report_and_inspector_surface_geometry_acceptance PASSED [ 30%]
tests/test_geometry_acceptance_web_and_bundle.py::test_sources_wire_geometry_acceptance_into_compare_validation_qt_and_bundle_summaries PASSED [ 30%]
tests/test_geometry_contract_frame_dims_release.py::test_default_base_declares_canonical_wheel_and_frame_geometry PASSED [ 31%]
tests/test_geometry_contract_frame_dims_release.py::test_build_geometry_meta_from_default_base_exports_frame_dims PASSED [ 31%]
tests/test_geometry_contract_frame_dims_release.py::test_infer_geometry_headless_returns_wheel_width_and_frame_dims PASSED [ 31%]
tests/test_geometry_contract_frame_dims_release.py::test_animation_cockpit_source_exposes_frame_dims_in_ui_and_payload PASSED [ 32%]
tests/test_geometry_contract_frame_dims_release.py::test_desktop_animator_source_uses_explicit_frame_dimensions PASSED [ 32%]
tests/test_geometry_contract_frame_dims_release.py::test_web_components_have_no_hidden_body_or_clearance_defaults PASSED [ 33%]
tests/test_health_report_inspect_send_bundle_anim_diagnostics.py::test_build_health_report_exposes_anim_latest_diagnostics_and_embeds_into_zip PASSED [ 33%]
tests/test_health_report_inspect_send_bundle_anim_diagnostics.py::test_health_report_surfaces_anim_latest_mismatch_from_validation PASSED [ 33%]
tests/test_health_report_inspect_send_bundle_anim_diagnostics.py::test_sources_wire_health_report_and_offline_inspector_into_send_bundle_flow PASSED [ 34%]
tests/test_integrator_autotune_accuracy.py::test_integrator_dt_int_max_convergence_worldroad PASSED [ 34%]
tests/test_integrator_autotune_accuracy.py::test_integrator_local_error_control_step_doubling_worldroad PASSED [ 35%]
tests/test_integrator_dt_int_max_invariants_other_models.py::test_camozzi_dt_int_max_logged_and_bounded PASSED [ 35%]
tests/test_integrator_dt_int_max_invariants_other_models.py::test_r48_reference_dt_int_max_logged_and_bounded PASSED [ 35%]
tests/test_iso6358_core_phi.py::test_phi_pr_le_zero_is_choked PASSED     [ 36%]
tests/test_iso6358_core_phi.py::test_phi_pr_ge_one_is_zero PASSED        [ 36%]
tests/test_iso6358_core_phi.py::test_phi_choked_region_pr_le_b_is_one PASSED [ 37%]
tests/test_iso6358_core_phi.py::test_phi_subsonic_is_between_0_and_1 PASSED [ 37%]
tests/test_iso8778_anr_density.py::test_iso8778_anr_conditions_and_density_reasonable PASSED [ 37%]
tests/test_iso8778_anr_density.py::test_engineering_reference_air_is_slightly_denser_than_humid_anr PASSED [ 38%]
tests/test_launcher_deps_gate_contract.py::test_launcher_has_shared_venv_recovery_gate PASSED [ 38%]
tests/test_launcher_deps_gate_contract.py::test_launcher_missing_imports_after_install_are_hard_fail PASSED [ 39%]
tests/test_module_loading_package_context.py::test_load_python_module_from_path_preserves_relative_import_package_context PASSED [ 39%]
tests/test_module_loading_package_context.py::test_load_python_module_from_path_supports_bare_sibling_imports_for_nonpackage_dirs PASSED [ 39%]
tests/test_module_loading_wrappers_use_helper.py::test_active_wrappers_use_canonical_module_loading_helper PASSED [ 40%]
tests/test_no_runtime_integrator_aliases.py::test_active_models_do_not_contain_runtime_integrator_alias_blocks PASSED [ 40%]
tests/test_no_runtime_integrator_aliases.py::test_camozzi_exports_only_canonical_integrator_columns PASSED [ 41%]
tests/test_no_runtime_integrator_aliases.py::test_worldroad_exports_only_canonical_integrator_columns PASSED [ 41%]
tests/test_no_runtime_integrator_aliases.py::test_r48_exports_only_canonical_integrator_columns PASSED [ 41%]
tests/test_npz_meta_geometry_contract.py::test_build_geometry_meta_from_base_exports_only_canonical_keys PASSED [ 42%]
tests/test_npz_meta_geometry_contract.py::test_normalize_npz_meta_audits_legacy_geometry_without_mutation PASSED [ 42%]
tests/test_npz_meta_geometry_contract.py::test_nested_geometry_preferred_by_animator_helpers PASSED [ 43%]
tests/test_npz_meta_geometry_contract.py::test_ui_sources_write_nested_geometry_contract PASSED [ 43%]
tests/test_orifice_smooth.py::test_orifice_smooth_matches_piecewise_far_from_transition PASSED [ 43%]
tests/test_orifice_smooth.py::test_orifice_signed_smooth_is_approximately_antisymmetric PASSED [ 44%]
tests/test_orifice_smooth.py::test_worldroad_smoke_with_smooth_flow_mode PASSED [ 44%]
tests/test_page_runner_auto_bundle_clipboard.py::test_copy_bundle_to_clipboard_writes_status_sidecar PASSED [ 45%]
tests/test_page_runner_auto_bundle_clipboard.py::test_copy_bundle_to_clipboard_marks_text_fallback_as_not_full_success PASSED [ 45%]
tests/test_plotly_optional_runtime_guards.py::test_compare_npz_web_has_plotly_import_guard PASSED [ 45%]
tests/test_plotly_optional_runtime_guards.py::test_validation_and_svg_pages_have_plotly_fallbacks PASSED [ 46%]
tests/test_pneumo_gas_stiffness.py::test_gas_stiffness_axial_double_basic PASSED [ 46%]
tests/test_pneumo_gas_stiffness.py::test_gas_stiffness_from_geometry_midstroke_symmetry PASSED [ 47%]
tests/test_pneumo_gas_stiffness.py::test_p_abs_from_param_threshold_behavior PASSED [ 47%]
tests/test_pneumo_gas_stiffness.py::test_volume_factor_scales_inverse PASSED [ 47%]
tests/test_pneumo_scheme_mnemo_cache_resource_contract.py::test_pneumo_scheme_mnemo_uses_cache_resource_for_detail_pickle PASSED [ 48%]
tests/test_pneumo_ui_app_no_bare_lock_expr.py::test_pneumo_ui_app_does_not_contain_bare_lock_expression_statement PASSED [ 48%]
tests/test_project_path_resolution.py::test_resolve_project_py_path_recovers_same_basename_from_current_release PASSED [ 49%]
tests/test_qt_compare_offline_npz_anim_diagnostics.py::test_visual_cache_token_ignores_context_labels PASSED [ 49%]
tests/test_qt_compare_offline_npz_anim_diagnostics.py::test_compare_ui_load_npz_bundle_exposes_anim_diagnostics PASSED [ 49%]
tests/test_qt_compare_offline_npz_anim_diagnostics.py::test_npz_anim_diagnostics_detect_path_mismatch_after_copy PASSED [ 50%]
tests/test_qt_compare_offline_npz_anim_diagnostics.py::test_inspect_npz_bundle_reports_anim_diagnostics PASSED [ 50%]
tests/test_qt_compare_offline_npz_anim_diagnostics.py::test_qt_compare_viewer_sources_reference_anim_diagnostics_panel PASSED [ 50%]
tests/test_qt_compare_viewer_dock_object_names.py::test_qt_compare_viewer_all_persistent_docks_have_object_names PASSED [ 51%]
tests/test_qt_compare_viewer_session_autoload_source.py::test_qt_compare_viewer_auto_find_npz_scans_session_workspaces_and_pointers PASSED [ 51%]
tests/test_r17_source_data_contract.py::test_r17_contract_group_counts_are_stable PASSED [ 52%]
tests/test_r17_source_data_contract.py::test_r17_complete_sample_passes_validation PASSED [ 52%]
tests/test_r17_source_data_contract.py::test_r17_validator_rejects_incomplete_triplet PASSED [ 52%]
tests/test_r17_source_data_contract.py::test_r17_validator_rejects_bad_mount_values PASSED [ 53%]
tests/test_r17_source_data_contract.py::test_semantic_preserving_r16_seed_is_small_and_explicit PASSED [ 53%]
tests/test_r17_source_data_pipeline.py::test_build_fillable_template_rows_matches_contract PASSED [ 54%]
tests/test_r17_source_data_pipeline.py::test_merge_partial_with_manual_rows_applies_explicit_manual_override PASSED [ 54%]
tests/test_r17_source_data_pipeline.py::test_validate_merged_source_data_partial_allows_missing_full_geometry PASSED [ 54%]
tests/test_r17_source_data_pipeline.py::test_cli_template_and_merge_roundtrip PASSED [ 55%]
tests/test_r20_camozzi_dualarm_solver_points.py::test_camozzi_default_solver_points_export_trapezoids_and_x_split PASSED [ 55%]
tests/test_r21_solver_points_optional_kinds.py::test_point_cols_accepts_optional_trapezoid_kinds PASSED [ 56%]
tests/test_r21_solver_points_optional_kinds.py::test_collect_contract_does_not_require_optional_triplets_when_absent PASSED [ 56%]
tests/test_r21_solver_points_optional_kinds.py::test_data_bundle_point_xyz_reads_optional_kind_triplet PASSED [ 56%]
tests/test_r21_solver_points_optional_kinds.py::test_data_bundle_point_xyz_returns_none_for_unknown_kind_without_crash PASSED [ 57%]
tests/test_r22_solver_points_frame_plane_and_meta.py::test_build_geometry_meta_includes_cylinder_visual_contract PASSED [ 57%]
tests/test_r22_solver_points_frame_plane_and_meta.py::test_frame_mounted_points_follow_frame_plane_not_corner_z PASSED [ 58%]
tests/test_r23_visual_contract.py::test_derive_wheel_pose_from_hardpoints_uses_explicit_hub_points PASSED [ 58%]
tests/test_r23_visual_contract.py::test_ellipse_mesh_on_plane_builds_nonempty_geometry PASSED [ 58%]
tests/test_r23_visual_contract.py::test_start_cmd_no_longer_uses_pause PASSED [ 59%]
tests/test_r23_visual_contract.py::test_desktop_animator_spawns_use_no_console_on_windows PASSED [ 59%]
tests/test_r24_contact_patch_and_cylinder_helpers.py::test_road_patch_is_subset_of_surface_mesh_not_analytic_ellipse PASSED [ 60%]
tests/test_r24_contact_patch_and_cylinder_helpers.py::test_cylinder_visual_segments_keep_piston_visible_for_short_assembly PASSED [ 60%]
tests/test_r24_launcher_wrapper_contract.py::test_root_launcher_cmd_prefers_vbs_or_pyw PASSED [ 60%]
tests/test_r24_launcher_wrapper_contract.py::test_root_launcher_vbs_exists_and_targets_pyw PASSED [ 61%]
tests/test_r26_road_view_density_helpers.py::test_road_display_counts_respect_view_and_decimate_wire_grid PASSED [ 61%]
tests/test_r26_road_view_density_helpers.py::test_regular_grid_submesh_reindexes_faces_to_local_grid PASSED [ 62%]
tests/test_r26_road_view_density_helpers.py::test_road_grid_line_segments_can_decimate_lateral_rails PASSED [ 62%]
tests/test_r26_streamlit_expander_stability.py::test_ui_scenario_ring_segment_expander_label_is_stable PASSED [ 62%]
tests/test_r26_streamlit_expander_stability.py::test_playhead_and_events_expanders_do_not_use_dynamic_labels PASSED [ 63%]
tests/test_r26_streamlit_expander_stability.py::test_param_influence_pareto_expander_label_is_stable PASSED [ 63%]
tests/test_r27_ring_sine_phase_amplitude.py::test_ring_sine_preserves_requested_amplitude_when_ring_is_periodic PASSED [ 64%]
tests/test_r29_animator_road_profile_overlap_binning.py::test_animator_road_profile_bins_near_overlap_instead_of_zigzag PASSED [ 64%]
tests/test_r29_desktop_animator_road_mesh_opt_contract.py::test_desktop_animator_uses_face_cache_instead_of_rebuilding_faces_each_frame PASSED [ 64%]
tests/test_r29_embedded_html_idle_guards.py::test_app_embedded_flow_widgets_have_idle_render_guards PASSED [ 65%]
tests/test_r29_embedded_html_idle_guards.py::test_pneumo_ui_app_embedded_flow_widgets_have_idle_render_guards PASSED [ 65%]
tests/test_r29_ring_profile_no_hidden_closure_ramp.py::test_ring_nonperiodic_sine_keeps_requested_amplitude_and_reports_open_seam PASSED [ 66%]
tests/test_r29_road_surface_build_faces_opt.py::test_road_surface_build_faces_false_skips_topology_rebuild PASSED [ 66%]
tests/test_r30_ring_segment_summary.py::test_ring_segment_summary_distinguishes_amplitude_from_peak_to_peak PASSED [ 66%]
tests/test_r30_ring_sine_segment_local_metrics.py::test_ring_sine_segment_local_amplitude_stays_near_requested_even_after_previous_segments PASSED [ 67%]
tests/test_release_info_default_release_sync.py::test_default_release_matches_version_txt_and_not_stale_r174 PASSED [ 67%]
tests/test_release_info_default_release_sync.py::test_release_info_source_tracks_version_txt PASSED [ 68%]
tests/test_remaining_generators_frame_corner_canon.py::test_remaining_generators_export_only_canonical_frame_corner_channels[pneumo_solver_ui.model_pneumo_v9_mech_doublewishbone] PASSED [ 68%]
tests/test_remaining_generators_frame_corner_canon.py::test_remaining_generators_export_only_canonical_frame_corner_channels[pneumo_solver_ui.model_pneumo_v9_mech_doublewishbone_worldroad] PASSED [ 68%]
tests/test_remaining_generators_frame_corner_canon.py::test_remaining_generators_export_only_canonical_frame_corner_channels[pneumo_solver_ui.model_pneumo_v8_energy_audit_vacuum_patched_smooth_all] PASSED [ 69%]
tests/test_remaining_generators_frame_corner_canon.py::test_generator_source_files_do_not_contain_legacy_frame_corner_literals PASSED [ 69%]
tests/test_road_surface_parse_and_ridge.py::test_ridge_cosine_bump_profile_and_grad PASSED [ 70%]
tests/test_road_surface_parse_and_ridge.py::test_make_surface_parses_json_string PASSED [ 70%]
tests/test_root_app_manual_diag_download_flow_source.py::test_root_app_manual_diag_build_offers_immediate_download_without_forced_rerun PASSED [ 70%]
tests/test_root_requirements_runtime_ui_deps.py::test_root_requirements_include_runtime_ui_dependencies PASSED [ 71%]
tests/test_run_artifacts_anim_latest_global_pointer.py::test_run_artifacts_global_anim_pointer_mirrors_visual_reload_diagnostics PASSED [ 71%]
tests/test_run_artifacts_anim_latest_global_pointer.py::test_autoload_to_session_restores_anim_latest_diagnostics PASSED [ 72%]
tests/test_run_artifacts_anim_latest_global_pointer.py::test_ui_preflight_export_step_reports_visual_token_and_global_sync PASSED [ 72%]
tests/test_run_artifacts_anim_latest_global_pointer.py::test_sources_use_run_artifacts_global_anim_pointer_flow PASSED [ 72%]
tests/test_run_registry_send_bundle_anim_diagnostics.py::test_collect_anim_latest_bundle_diagnostics_writes_sidecars PASSED [ 73%]
tests/test_run_registry_send_bundle_anim_diagnostics.py::test_run_registry_send_bundle_created_accepts_extended_anim_fields PASSED [ 73%]
tests/test_run_registry_send_bundle_anim_diagnostics.py::test_sources_wire_anim_diagnostics_into_launcher_and_send_bundle PASSED [ 74%]
tests/test_send_bundle_effective_workspace_projection.py::test_make_send_bundle_projects_effective_env_workspace_into_root_workspace PASSED [ 74%]
tests/test_send_bundle_utcaware_source.py::test_send_bundle_and_selfcheck_use_timezone_aware_utc_timestamps PASSED [ 74%]
tests/test_solver_points_and_road_no_fallback.py::test_solver_points_contract_detects_missing_triplets PASSED [ 75%]
tests/test_solver_points_and_road_no_fallback.py::test_data_bundle_has_solver_points_only_when_full_canonical_contract_present PASSED [ 75%]
tests/test_solver_points_and_road_no_fallback.py::test_data_bundle_road_profile_refuses_missing_road_columns PASSED [ 76%]
tests/test_solver_points_and_road_no_fallback.py::test_collect_visual_contract_status_reports_no_data_messages PASSED [ 76%]
tests/test_solver_points_and_road_no_fallback.py::test_component_sources_contain_explicit_no_data_overlays PASSED [ 76%]
tests/test_spring_table.py::test_spring_table_linear_roundtrip PASSED    [ 77%]
tests/test_spring_table.py::test_spring_table_pchip_linear_data_is_linear PASSED [ 77%]
tests/test_spring_table.py::test_spring_table_inverse_with_plateau_is_stable PASSED [ 78%]
tests/test_spring_table.py::test_spring_table_stiffness_linear_piecewise PASSED [ 78%]
tests/test_spring_table.py::test_spring_table_stiffness_pchip_linear_data_constant_slope PASSED [ 78%]
tests/test_streamlit_use_container_width_compat_contract.py::test_streamlit_compat_wraps_page_link_and_image PASSED [ 79%]
tests/test_streamlit_use_container_width_compat_contract.py::test_streamlit_compat_is_installed_in_main_streamlit_entrypoints PASSED [ 79%]
tests/test_streamlit_width_runtime_sources.py::test_active_runtime_sources_do_not_use_deprecated_use_container_width_directly PASSED [ 80%]
tests/test_suite_contract_migration.py::test_migrate_legacy_speed_column_to_canonical_vx0 PASSED [ 80%]
tests/test_suite_contract_migration.py::test_migrate_legacy_speed_fills_missing_canonical_and_preserves_conflicts PASSED [ 80%]
tests/test_suite_contract_migration.py::test_migrated_suite_speed_reaches_build_test_suite_for_bump_diag PASSED [ 81%]
tests/test_suite_contract_migration.py::test_streamlit_suite_editors_use_canonical_speed_key_only PASSED [ 81%]
tests/test_suite_filter_pending_contract.py::test_pneumo_ui_app_applies_pending_stage_extend_before_widgets PASSED [ 82%]
tests/test_suite_filter_pending_contract.py::test_ring_ui_queues_stage_filter_extend_instead_of_direct_widget_assignment PASSED [ 82%]
tests/test_suspension_geometry_canonical_wheel_coord.py::test_suspension_geometry_treats_wheel_coord_as_mode_not_numeric PASSED [ 82%]
tests/test_suspension_geometry_diagnostics.py::test_detects_missing_second_arm_and_coincident_cylinders PASSED [ 83%]
tests/test_suspension_geometry_diagnostics.py::test_detects_two_distinct_arms_and_cylinder_axes PASSED [ 83%]
tests/test_suspension_geometry_diagnostics.py::test_detects_collapsed_upper_and_lower_arm_joints PASSED [ 84%]
tests/test_svg_autotrace_analysis_contract_pages.py::test_analysis_polylines_to_coords_resolves_node_ids PASSED [ 84%]
tests/test_svg_autotrace_analysis_contract_pages.py::test_pneumo_scheme_pages_use_analysis_dict_not_legacy_tuple_unpack PASSED [ 84%]
tests/test_svg_autotrace_package_imports.py::test_svg_autotrace_imported_via_package_path PASSED [ 85%]
tests/test_triage_readme_anim_latest_diagnostics.py::test_generate_triage_report_exposes_anim_latest_diagnostics_from_sidecar PASSED [ 85%]
tests/test_triage_readme_anim_latest_diagnostics.py::test_build_send_bundle_readme_includes_anim_latest_token_and_reload_inputs PASSED [ 86%]
tests/test_triage_readme_anim_latest_diagnostics.py::test_sources_wire_anim_latest_diagnostics_into_triage_and_readme PASSED [ 86%]
tests/test_ui_autosave_bundle_contract.py::test_save_autosave_mirrors_into_workspace_ui_state PASSED [ 86%]
tests/test_ui_autosave_bundle_contract.py::test_validate_send_bundle_rejects_marker_only_ui_state PASSED [ 87%]
tests/test_ui_autosave_bundle_contract.py::test_validate_send_bundle_accepts_workspace_ui_state_json PASSED [ 87%]
tests/test_ui_autosave_bundle_contract.py::test_sources_wire_ui_autosave_contract PASSED [ 88%]
tests/test_ui_persistence_project_local_state.py::test_pick_state_dir_prefers_project_workspace_over_appdata PASSED [ 88%]
tests/test_ui_persistence_project_local_state.py::test_build_state_dict_drops_runtime_path_keys PASSED [ 88%]
tests/test_ui_persistence_project_local_state.py::test_sanitize_loaded_state_drops_foreign_absolute_paths PASSED [ 89%]
tests/test_ui_scenario_ring_no_free_spec.py::test_render_segment_editor_source_does_not_reference_outer_spec_freevar PASSED [ 89%]
tests/test_ui_scenario_ring_streamlit_state_contract.py::test_ui_scenario_ring_does_not_self_assign_streamlit_widget_keys PASSED [ 90%]
tests/test_ui_scenario_ring_streamlit_state_contract.py::test_render_segment_editor_invalid_mode_warning_uses_idx_not_free_i PASSED [ 90%]
tests/test_v9_phi_vacuum_safe.py::test_v9_camozzi_phi_is_vacuum_safe PASSED [ 90%]
tests/test_v9_phi_vacuum_safe.py::test_v9_reference_phi_is_vacuum_safe PASSED [ 91%]
tests/test_visual_consumers_geometry_strict.py::test_read_visual_geometry_meta_ignores_top_level_duplicates PASSED [ 91%]
tests/test_visual_consumers_geometry_strict.py::test_visual_consumers_do_not_fallback_to_top_level_or_base_geometry PASSED [ 92%]
tests/test_visual_consumers_geometry_strict.py::test_desktop_animator_source_uses_canonical_frame_helpers_and_no_default_base_fallback PASSED [ 92%]
tests/test_visual_consumers_geometry_strict.py::test_animation_cockpit_source_reads_only_nested_geometry PASSED [ 92%]
tests/test_visual_contract_unified_helper.py::test_load_visual_road_sidecar_aligns_to_npz_time_vector PASSED [ 93%]
tests/test_visual_contract_unified_helper.py::test_collect_visual_contract_status_accepts_road_csv_sidecar PASSED [ 93%]
tests/test_visual_contract_unified_helper.py::test_compare_ui_load_npz_bundle_exposes_visual_contract_and_sidecar PASSED [ 94%]
tests/test_visual_contract_unified_helper.py::test_desktop_animator_load_npz_keeps_same_visual_contract PASSED [ 94%]
tests/test_visual_contract_unified_helper.py::test_web_sources_use_bundle_visual_contract_and_road_sidecar PASSED [ 94%]
tests/test_visual_contract_unified_helper.py::test_collect_visual_cache_dependencies_change_when_sidecar_changes PASSED [ 95%]
tests/test_visual_contract_unified_helper.py::test_compare_ui_load_npz_bundle_exposes_cache_dependencies PASSED [ 95%]
tests/test_visual_contract_unified_helper.py::test_web_sources_use_visual_cache_dependencies_for_npz_and_sidecar PASSED [ 96%]
tests/test_visual_contract_unified_helper.py::test_visual_cache_dependencies_token_changes_when_sidecar_changes PASSED [ 96%]
tests/test_visual_contract_unified_helper.py::test_desktop_animator_load_npz_exposes_visual_cache_dependencies PASSED [ 96%]
tests/test_visual_contract_unified_helper.py::test_desktop_animator_follow_uses_visual_dependency_token_source_check PASSED [ 97%]
tests/test_worldroad_compile_only.py::test_worldroad_compile_only_core_ok PASSED [ 97%]
tests/test_worldroad_import_prefers_package.py::test_worldroad_model_imports_package_road_surface PASSED [ 98%]
tests/test_worldroad_motion_sanity.py::test_worldroad_motion_selfcheck_ok PASSED [ 98%]
tests/test_worldroad_no_fragmentation_warnings.py::test_worldroad_no_fragmentation_warnings_and_service_columns_present PASSED [ 98%]
tests/test_worldroad_p0_override.py::test_worldroad_p0_override_applied_count PASSED [ 99%]
tests/test_worldroad_spring_modes.py::test_worldroad_spring_pchip_per_corner_smoke PASSED [ 99%]
tests/test_worldroad_static_selfcheck.py::test_worldroad_static_selfcheck_ok PASSED [100%]

============================= 251 passed in 34.02s =============================
